14:35:23 **** Incremental Build of configuration Debug for project 002_I2C_EXAMPLE_MPU6050 ****
make -j8 all 
arm-none-eabi-gcc -o "002_I2C_EXAMPLE_MPU6050.elf" @"objects.list"   -mcpu=cortex-m4 -T"C:\Users\onura\OneDrive\Masaüstü\STM_Ders\002_I2C_EXAMPLE_MPU6050\STM32F407VGTX_FLASH.ld" --specs=nosys.specs -Wl,-Map="002_I2C_EXAMPLE_MPU6050.map" -Wl,--gc-sections -static --specs=nano.specs -mfpu=fpv4-sp-d16 -mfloat-abi=hard -mthumb -Wl,--start-group -lc -lm -Wl,--end-group
c:\users\onura\stm32cubeide_1.11.0\stm32cubeide\plugins\com.st.stm32cube.ide.mcu.externaltools.gnu-tools-for-stm32.10.3-2021.10.win32_1.0.100.202210260954\tools\arm-none-eabi\bin\ld.exe: cannot open linker script file C:\Users\onura\OneDrive\Masa??st??\STM_Ders\002_I2C_EXAMPLE_MPU6050\STM32F407VGTX_FLASH.ld: No such file or directory
collect2.exe: error: ld returned 1 exit status
make: *** [makefile:64: 002_I2C_EXAMPLE_MPU6050.elf] Error 1
"make -j8 all" terminated with exit code 2. Build might be incomplete.
